09:19:27 - error: uncaughtException: Cannot find module '../controller/TaskManagerController' date=Mon May 15 2017 09:19:27 GMT+0800 (中国标准时间), pid=5676, uid=null, gid=null, cwd=F:\node-webpack-react\bin, execPath=C:\Program Files\nodejs\node.exe, version=v7.9.0, argv=[C:\Program Files\nodejs\node.exe, F:\node-webpack-react\bin\www], rss=26169344, heapTotal=15896576, heapUsed=9228184, external=501444, loadavg=[0, 0, 0], uptime=1489.4133509, trace=[column=15, file=module.js, function=Function.Module._resolveFilename, line=470, method=Module._resolveFilename, native=false, column=25, file=module.js, function=Function.Module._load, line=418, method=Module._load, native=false, column=17, file=module.js, function=Module.require, line=498, method=require, native=false, column=19, file=internal/module.js, function=require, line=20, method=null, native=false, column=33, file=F:\node-webpack-react\server\routes\index.js, function=, line=5, method=null, native=false, column=32, file=module.js, function=Module._compile, line=571, method=_compile, native=false, column=10, file=module.js, function=Object.Module._extensions..js, line=580, method=Module._extensions..js, native=false, column=32, file=module.js, function=Module.load, line=488, method=load, native=false, column=12, file=module.js, function=tryModuleLoad, line=447, method=null, native=false, column=3, file=module.js, function=Function.Module._load, line=439, method=Module._load, native=false], stack=[Error: Cannot find module '../controller/TaskManagerController',     at Function.Module._resolveFilename (module.js:470:15),     at Function.Module._load (module.js:418:25),     at Module.require (module.js:498:17),     at require (internal/module.js:20:19),     at Object.<anonymous> (F:\node-webpack-react\server\routes\index.js:5:33),     at Module._compile (module.js:571:32),     at Object.Module._extensions..js (module.js:580:10),     at Module.load (module.js:488:32),     at tryModuleLoad (module.js:447:12),     at Function.Module._load (module.js:439:3)]
09:20:20 - info: app开始启动...
09:20:20 - info: 当前环境
09:20:20 - info: 当前端口
09:31:10 - info: app开始启动...
09:31:10 - info: 当前环境
09:31:10 - info: 当前端口
11:12:48 - info: app开始启动...
11:12:48 - info: 当前环境
11:12:48 - info: 当前端口
11:15:48 - info: app开始启动...
11:15:48 - info: 当前环境
11:15:48 - info: 当前端口
11:18:45 - info: app开始启动...
11:18:45 - info: 当前环境
11:18:45 - info: 当前端口
12:57:33 - info: app开始启动...
12:57:33 - info: 当前环境
12:57:33 - info: 当前端口
13:05:15 - info: app开始启动...
13:05:15 - info: 当前环境
13:05:15 - info: 当前端口
13:06:21 - info: app开始启动...
13:06:21 - info: 当前环境
13:06:21 - info: 当前端口
13:07:47 - info: app开始启动...
13:07:47 - info: 当前环境
13:07:47 - info: 当前端口
13:09:37 - info: app开始启动...
13:09:37 - info: 当前环境
13:09:37 - info: 当前端口
13:14:24 - info: app开始启动...
13:14:24 - info: 当前环境
13:14:24 - info: 当前端口
13:27:32 - info: app开始启动...
13:27:32 - info: 当前环境
13:27:32 - info: 当前端口
13:30:41 - info: app开始启动...
13:30:41 - info: 当前环境
13:30:41 - info: 当前端口
14:05:26 - info: app开始启动...
14:05:26 - info: 当前环境
14:05:26 - info: 当前端口
14:05:59 - info: app开始启动...
14:05:59 - info: 当前环境
14:05:59 - info: 当前端口
14:07:04 - error: uncaughtException: Cannot read property 'query' of undefined date=Mon May 15 2017 14:07:04 GMT+0800 (中国标准时间), pid=9496, uid=null, gid=null, cwd=F:\node-webpack-react\bin, execPath=C:\Program Files\nodejs\node.exe, version=v7.9.0, argv=[C:\Program Files\nodejs\node.exe, F:\node-webpack-react\bin\www], rss=27770880, heapTotal=11702272, heapUsed=8843856, external=83023, loadavg=[0, 0, 0], uptime=18746.6864711, trace=[column=21, file=F:\node-webpack-react\server\db\dbExecute\TbProcessInfo.js, function=__dirname.count.pool.getConnection, line=151, method=count.pool.getConnection, native=false, column=9, file=F:\node-webpack-react\node_modules\mysql\lib\Pool.js, function=Handshake.onConnect [as _callback], line=58, method=onConnect [as _callback], native=false, column=24, file=F:\node-webpack-react\node_modules\mysql\lib\protocol\sequences\Sequence.js, function=Handshake.Sequence.end, line=86, method=Sequence.end, native=false, column=14, file=F:\node-webpack-react\node_modules\mysql\lib\protocol\Protocol.js, function=Protocol.handleNetworkError, line=364, method=handleNetworkError, native=false, column=18, file=F:\node-webpack-react\node_modules\mysql\lib\Connection.js, function=PoolConnection.Connection._handleNetworkError, line=428, method=Connection._handleNetworkError, native=false, column=8, file=F:\node-webpack-react\node_modules\mysql\lib\Connection.js, function=PoolConnection.Connection._handleConnectTimeout, line=424, method=Connection._handleConnectTimeout, native=false, column=19, file=events.js, function=Object.onceWrapper, line=293, method=onceWrapper, native=false, column=13, file=events.js, function=emitNone, line=86, method=null, native=false, column=7, file=events.js, function=Socket.emit, line=188, method=emit, native=false, column=8, file=net.js, function=Socket._onTimeout, line=351, method=_onTimeout, native=false], stack=[TypeError: Cannot read property 'query' of undefined,     at __dirname.count.pool.getConnection (F:\node-webpack-react\server\db\dbExecute\TbProcessInfo.js:151:21),     at Handshake.onConnect [as _callback] (F:\node-webpack-react\node_modules\mysql\lib\Pool.js:58:9),     at Handshake.Sequence.end (F:\node-webpack-react\node_modules\mysql\lib\protocol\sequences\Sequence.js:86:24),     at Protocol.handleNetworkError (F:\node-webpack-react\node_modules\mysql\lib\protocol\Protocol.js:364:14),     at PoolConnection.Connection._handleNetworkError (F:\node-webpack-react\node_modules\mysql\lib\Connection.js:428:18),     at PoolConnection.Connection._handleConnectTimeout (F:\node-webpack-react\node_modules\mysql\lib\Connection.js:424:8),     at Object.onceWrapper (events.js:293:19),     at emitNone (events.js:86:13),     at Socket.emit (events.js:188:7),     at Socket._onTimeout (net.js:351:8)]
14:07:53 - info: app开始启动...
14:07:53 - info: 当前环境
14:07:53 - info: 当前端口
14:08:22 - info: app开始启动...
14:08:22 - info: 当前环境
14:08:22 - info: 当前端口
14:08:56 - error: uncaughtException: Cannot read property 'query' of undefined date=Mon May 15 2017 14:08:56 GMT+0800 (中国标准时间), pid=6684, uid=null, gid=null, cwd=F:\node-webpack-react\bin, execPath=C:\Program Files\nodejs\node.exe, version=v7.9.0, argv=[C:\Program Files\nodejs\node.exe, F:\node-webpack-react\bin\www], rss=27570176, heapTotal=11702272, heapUsed=8550544, external=83023, loadavg=[0, 0, 0], uptime=18858.0710347, trace=[column=17, file=F:\node-webpack-react\server\db\dbExecute\TbProcessInfo.js, function=__dirname.count.pool.getConnection, line=151, method=count.pool.getConnection, native=false, column=9, file=F:\node-webpack-react\node_modules\mysql\lib\Pool.js, function=Handshake.onConnect [as _callback], line=58, method=onConnect [as _callback], native=false, column=24, file=F:\node-webpack-react\node_modules\mysql\lib\protocol\sequences\Sequence.js, function=Handshake.Sequence.end, line=86, method=Sequence.end, native=false, column=14, file=F:\node-webpack-react\node_modules\mysql\lib\protocol\Protocol.js, function=Protocol.handleNetworkError, line=364, method=handleNetworkError, native=false, column=18, file=F:\node-webpack-react\node_modules\mysql\lib\Connection.js, function=PoolConnection.Connection._handleNetworkError, line=428, method=Connection._handleNetworkError, native=false, column=8, file=F:\node-webpack-react\node_modules\mysql\lib\Connection.js, function=PoolConnection.Connection._handleConnectTimeout, line=424, method=Connection._handleConnectTimeout, native=false, column=19, file=events.js, function=Object.onceWrapper, line=293, method=onceWrapper, native=false, column=13, file=events.js, function=emitNone, line=86, method=null, native=false, column=7, file=events.js, function=Socket.emit, line=188, method=emit, native=false, column=8, file=net.js, function=Socket._onTimeout, line=351, method=_onTimeout, native=false], stack=[TypeError: Cannot read property 'query' of undefined,     at __dirname.count.pool.getConnection (F:\node-webpack-react\server\db\dbExecute\TbProcessInfo.js:151:17),     at Handshake.onConnect [as _callback] (F:\node-webpack-react\node_modules\mysql\lib\Pool.js:58:9),     at Handshake.Sequence.end (F:\node-webpack-react\node_modules\mysql\lib\protocol\sequences\Sequence.js:86:24),     at Protocol.handleNetworkError (F:\node-webpack-react\node_modules\mysql\lib\protocol\Protocol.js:364:14),     at PoolConnection.Connection._handleNetworkError (F:\node-webpack-react\node_modules\mysql\lib\Connection.js:428:18),     at PoolConnection.Connection._handleConnectTimeout (F:\node-webpack-react\node_modules\mysql\lib\Connection.js:424:8),     at Object.onceWrapper (events.js:293:19),     at emitNone (events.js:86:13),     at Socket.emit (events.js:188:7),     at Socket._onTimeout (net.js:351:8)]
14:09:54 - info: app开始启动...
14:09:54 - info: 当前环境
14:09:54 - info: 当前端口
14:10:12 - error: uncaughtException: Cannot read property 'query' of undefined date=Mon May 15 2017 14:10:12 GMT+0800 (中国标准时间), pid=8368, uid=null, gid=null, cwd=F:\node-webpack-react\bin, execPath=C:\Program Files\nodejs\node.exe, version=v7.9.0, argv=[C:\Program Files\nodejs\node.exe, F:\node-webpack-react\bin\www], rss=31842304, heapTotal=13799424, heapUsed=7868112, external=83023, loadavg=[0, 0, 0], uptime=18934.4619428, trace=[column=21, file=F:\node-webpack-react\server\db\dbExecute\TbProcessInfo.js, function=__dirname.count.pool.getConnection, line=151, method=count.pool.getConnection, native=false, column=9, file=F:\node-webpack-react\node_modules\mysql\lib\Pool.js, function=Handshake.onConnect [as _callback], line=58, method=onConnect [as _callback], native=false, column=24, file=F:\node-webpack-react\node_modules\mysql\lib\protocol\sequences\Sequence.js, function=Handshake.Sequence.end, line=86, method=Sequence.end, native=false, column=14, file=F:\node-webpack-react\node_modules\mysql\lib\protocol\Protocol.js, function=Protocol.handleNetworkError, line=364, method=handleNetworkError, native=false, column=18, file=F:\node-webpack-react\node_modules\mysql\lib\Connection.js, function=PoolConnection.Connection._handleNetworkError, line=428, method=Connection._handleNetworkError, native=false, column=8, file=F:\node-webpack-react\node_modules\mysql\lib\Connection.js, function=PoolConnection.Connection._handleConnectTimeout, line=424, method=Connection._handleConnectTimeout, native=false, column=19, file=events.js, function=Object.onceWrapper, line=293, method=onceWrapper, native=false, column=13, file=events.js, function=emitNone, line=86, method=null, native=false, column=7, file=events.js, function=Socket.emit, line=188, method=emit, native=false, column=8, file=net.js, function=Socket._onTimeout, line=351, method=_onTimeout, native=false], stack=[TypeError: Cannot read property 'query' of undefined,     at __dirname.count.pool.getConnection (F:\node-webpack-react\server\db\dbExecute\TbProcessInfo.js:151:21),     at Handshake.onConnect [as _callback] (F:\node-webpack-react\node_modules\mysql\lib\Pool.js:58:9),     at Handshake.Sequence.end (F:\node-webpack-react\node_modules\mysql\lib\protocol\sequences\Sequence.js:86:24),     at Protocol.handleNetworkError (F:\node-webpack-react\node_modules\mysql\lib\protocol\Protocol.js:364:14),     at PoolConnection.Connection._handleNetworkError (F:\node-webpack-react\node_modules\mysql\lib\Connection.js:428:18),     at PoolConnection.Connection._handleConnectTimeout (F:\node-webpack-react\node_modules\mysql\lib\Connection.js:424:8),     at Object.onceWrapper (events.js:293:19),     at emitNone (events.js:86:13),     at Socket.emit (events.js:188:7),     at Socket._onTimeout (net.js:351:8)]
14:22:48 - info: app开始启动...
14:22:48 - info: 当前环境
14:22:48 - info: 当前端口
14:25:34 - info: app开始启动...
14:25:34 - info: 当前环境
14:25:34 - info: 当前端口
14:28:09 - error: uncaughtException: Cannot read property 'query' of undefined date=Mon May 15 2017 14:28:09 GMT+0800 (中国标准时间), pid=1876, uid=null, gid=null, cwd=F:\node-webpack-react\bin, execPath=C:\Program Files\nodejs\node.exe, version=v7.9.0, argv=[C:\Program Files\nodejs\node.exe, F:\node-webpack-react\bin\www], rss=28233728, heapTotal=13275136, heapUsed=7878212, external=83023, loadavg=[0, 0, 0], uptime=20010.9487864, trace=[column=21, file=F:\node-webpack-react\server\db\dbExecute\TbProcessInfo.js, function=__dirname.count.pool.getConnection, line=153, method=count.pool.getConnection, native=false, column=9, file=F:\node-webpack-react\node_modules\mysql\lib\Pool.js, function=Handshake.onConnect [as _callback], line=58, method=onConnect [as _callback], native=false, column=24, file=F:\node-webpack-react\node_modules\mysql\lib\protocol\sequences\Sequence.js, function=Handshake.Sequence.end, line=86, method=Sequence.end, native=false, column=14, file=F:\node-webpack-react\node_modules\mysql\lib\protocol\Protocol.js, function=Protocol.handleNetworkError, line=364, method=handleNetworkError, native=false, column=18, file=F:\node-webpack-react\node_modules\mysql\lib\Connection.js, function=PoolConnection.Connection._handleNetworkError, line=428, method=Connection._handleNetworkError, native=false, column=8, file=F:\node-webpack-react\node_modules\mysql\lib\Connection.js, function=PoolConnection.Connection._handleConnectTimeout, line=424, method=Connection._handleConnectTimeout, native=false, column=19, file=events.js, function=Object.onceWrapper, line=293, method=onceWrapper, native=false, column=13, file=events.js, function=emitNone, line=86, method=null, native=false, column=7, file=events.js, function=Socket.emit, line=188, method=emit, native=false, column=8, file=net.js, function=Socket._onTimeout, line=351, method=_onTimeout, native=false], stack=[TypeError: Cannot read property 'query' of undefined,     at __dirname.count.pool.getConnection (F:\node-webpack-react\server\db\dbExecute\TbProcessInfo.js:153:21),     at Handshake.onConnect [as _callback] (F:\node-webpack-react\node_modules\mysql\lib\Pool.js:58:9),     at Handshake.Sequence.end (F:\node-webpack-react\node_modules\mysql\lib\protocol\sequences\Sequence.js:86:24),     at Protocol.handleNetworkError (F:\node-webpack-react\node_modules\mysql\lib\protocol\Protocol.js:364:14),     at PoolConnection.Connection._handleNetworkError (F:\node-webpack-react\node_modules\mysql\lib\Connection.js:428:18),     at PoolConnection.Connection._handleConnectTimeout (F:\node-webpack-react\node_modules\mysql\lib\Connection.js:424:8),     at Object.onceWrapper (events.js:293:19),     at emitNone (events.js:86:13),     at Socket.emit (events.js:188:7),     at Socket._onTimeout (net.js:351:8)]
14:28:57 - info: app开始启动...
14:28:57 - info: 当前环境
14:28:57 - info: 当前端口
14:29:21 - info: app开始启动...
14:29:21 - info: 当前环境
14:29:21 - info: 当前端口
14:39:38 - info: app开始启动...
14:39:38 - info: 当前环境
14:39:38 - info: 当前端口
14:42:05 - info: app开始启动...
14:42:05 - info: 当前环境
14:42:05 - info: 当前端口
14:59:46 - info: app开始启动...
14:59:46 - info: 当前环境
14:59:46 - info: 当前端口
15:04:16 - info: app开始启动...
15:04:16 - info: 当前环境
15:04:16 - info: 当前端口
15:10:08 - info: app开始启动...
15:10:08 - info: 当前环境
15:10:08 - info: 当前端口
15:11:54 - info: app开始启动...
15:11:54 - info: 当前环境
15:11:54 - info: 当前端口
15:22:30 - info: app开始启动...
15:22:30 - info: 当前环境
15:22:30 - info: 当前端口
15:59:49 - info: app开始启动...
15:59:49 - info: 当前环境
15:59:49 - info: 当前端口
16:00:26 - info: app开始启动...
16:00:26 - info: 当前环境
16:00:26 - info: 当前端口
19:00:28 - info: app开始启动...
19:00:28 - info: 当前环境
19:00:28 - info: 当前端口
19:14:25 - info: app开始启动...
19:14:25 - info: 当前环境
19:14:25 - info: 当前端口
19:34:43 - info: app开始启动...
19:34:43 - info: 当前环境
19:34:43 - info: 当前端口
